Std/app/build/outputs/logs/manifest-merger-debug-report.txt
-- Merging decision tree log ---
manifest
ADDED from src\main\AndroidManifest.xml:2:1-114:12
INJECTED from src\main\AndroidManifest.xml:2:1-114:12
INJECTED from src\main\AndroidManifest.xml:2:1-114:12
INJECTED from src\main\AndroidManifest.xml:2:1-114:12
INJECTED from src\main\AndroidManifest.xml:2:1-114:12
INJECTED from src\main\AndroidManifest.xml:2:1-114:12
INJECTED from src\main\AndroidManifest.xml:2:1-114:12
	package
		ADDED from src\main\AndroidManifest.xml:3:2-28
		INJECTED from src\main\AndroidManifest.xml
		INJECTED from src\main\AndroidManifest.xml
	android:versionName
		ADDED from src\main\AndroidManifest.xml:6:2-29
		INJECTED from src\main\AndroidManifest.xml
		INJECTED from src\main\AndroidManifest.xml
	xmlns:android
		ADDED from src\main\AndroidManifest.xml:2:11-69
	android:versionCode
		ADDED from src\main\AndroidManifest.xml:5:2-25
		INJECTED from src\main\AndroidManifest.xml
		INJECTED from src\main\AndroidManifest.xml
	android:installLocation
		ADDED from src\main\AndroidManifest.xml:4:2-32
uses-sdk
ADDED from src\main\AndroidManifest.xml:8:2-10:35
INJECTED from src\main\AndroidManifest.xml:8:2-10:35
INJECTED from src\main\AndroidManifest.xml:8:2-10:35
INJECTED from src\main\AndroidManifest.xml:8:2-10:35
INJECTED from src\main\AndroidManifest.xml:8:2-10:35
	android:targetSdkVersion
		ADDED from src\main\AndroidManifest.xml:10:3-32
		INJECTED from src\main\AndroidManifest.xml
		INJECTED from src\main\AndroidManifest.xml
	android:minSdkVersion
		ADDED from src\main\AndroidManifest.xml:9:3-29
		INJECTED from src\main\AndroidManifest.xml
		INJECTED from src\main\AndroidManifest.xml
uses-permission#android.permission.INTERNET
ADDED from src\main\AndroidManifest.xml:12:2-64
	android:name
		ADDED from src\main\AndroidManifest.xml:12:19-61
uses-permission#android.permission.ACCESS_WIFI_STATE
ADDED from src\main\AndroidManifest.xml:13:2-73
	android:name
		ADDED from src\main\AndroidManifest.xml:13:19-70
uses-permission#android.permission.CHANGE_WIFI_STATE
ADDED from src\main\AndroidManifest.xml:14:2-73
	android:name
		ADDED from src\main\AndroidManifest.xml:14:19-70
uses-permission#android.permission.ACCESS_NETWORK_STATE
ADDED from src\main\AndroidManifest.xml:15:2-76
	android:name
		ADDED from src\main\AndroidManifest.xml:15:19-73
uses-permission#android.permission.MOUNT_UNMOUNT_FILESYSTEMS
ADDED from src\main\AndroidManifest.xml:16:2-81
	android:name
		ADDED from src\main\AndroidManifest.xml:16:19-78
uses-permission#android.permission.WRITE_EXTERNAL_STORAGE
ADDED from src\main\AndroidManifest.xml:17:2-78
	android:name
		ADDED from src\main\AndroidManifest.xml:17:19-75
uses-permission#android.permission.READ_EXTERNAL_STORAGE
ADDED from src\main\AndroidManifest.xml:18:2-77
	android:name
		ADDED from src\main\AndroidManifest.xml:18:19-74
uses-permission#android.permission.RECORD_AUDIO
ADDED from src\main\AndroidManifest.xml:19:2-68
	android:name
		ADDED from src\main\AndroidManifest.xml:19:19-65
uses-permission#android.permission.CAMERA
ADDED from src\main\AndroidManifest.xml:20:2-62
	android:name
		ADDED from src\main\AndroidManifest.xml:20:19-59
uses-permission#android.permission.ACCESS_COARSE_LOCATION
ADDED from src\main\AndroidManifest.xml:21:2-78
	android:name
		ADDED from src\main\AndroidManifest.xml:21:19-75
uses-permission#android.permission.ACCESS_FINE_LOCATION
ADDED from src\main\AndroidManifest.xml:22:2-76
	android:name
		ADDED from src\main\AndroidManifest.xml:22:19-73
uses-permission#android.permission.READ_PHONE_STATE
ADDED from src\main\AndroidManifest.xml:23:2-72
	android:name
		ADDED from src\main\AndroidManifest.xml:23:19-69
uses-permission#android.permission.READ_LOGS
ADDED from src\main\AndroidManifest.xml:24:2-65
	android:name
		ADDED from src\main\AndroidManifest.xml:24:19-62
uses-permission#android.permission.VIBRATE
ADDED from src\main\AndroidManifest.xml:25:2-63
	android:name
		ADDED from src\main\AndroidManifest.xml:25:19-60
uses-permission#android.permission.WAKE_LOCK
ADDED from src\main\AndroidManifest.xml:26:2-65
	android:name
		ADDED from src\main\AndroidManifest.xml:26:19-62
uses-permission#android.permission.WRITE_SETTINGS
ADDED from src\main\AndroidManifest.xml:27:2-70
	android:name
		ADDED from src\main\AndroidManifest.xml:27:19-67
uses-permission#android.permission.BROADCAST_STICKY
ADDED from src\main\AndroidManifest.xml:28:2-72
	android:name
		ADDED from src\main\AndroidManifest.xml:28:19-69
uses-permission#android.permission.CHANGE_NETWORK_STATE
ADDED from src\main\AndroidManifest.xml:30:2-76
	android:name
		ADDED from src\main\AndroidManifest.xml:30:19-73
uses-permission#android.permission.MANAGE_DOCUMENTS
ADDED from src\main\AndroidManifest.xml:31:2-72
	android:name
		ADDED from src\main\AndroidManifest.xml:31:19-69
uses-permission#android.permission.MODIFY_PHONE_STATE
ADDED from src\main\AndroidManifest.xml:34:2-73
	android:name
		ADDED from src\main\AndroidManifest.xml:34:19-71
uses-permission#android.permission.MODIFY_AUDIO_SETTINGS
ADDED from src\main\AndroidManifest.xml:35:2-76
	android:name
		ADDED from src\main\AndroidManifest.xml:35:19-74
supports-screens
ADDED from src\main\AndroidManifest.xml:39:2-44:33
	android:largeScreens
		ADDED from src\main\AndroidManifest.xml:41:3-30
	android:smallScreens
		ADDED from src\main\AndroidManifest.xml:44:3-30
	android:normalScreens
		ADDED from src\main\AndroidManifest.xml:42:3-31
	android:resizeable
		ADDED from src\main\AndroidManifest.xml:43:3-28
	android:anyDensity
		ADDED from src\main\AndroidManifest.xml:40:3-28
application
ADDED from src\main\AndroidManifest.xml:46:2-112:16
	android:label
		ADDED from src\main\AndroidManifest.xml:51:3-35
	android:hardwareAccelerated
		ADDED from src\main\AndroidManifest.xml:49:3-38
	android:largeHeap
		ADDED from src\main\AndroidManifest.xml:52:3-27
	android:icon
		ADDED from src\main\AndroidManifest.xml:50:3-39
	android:allowBackup
		ADDED from src\main\AndroidManifest.xml:48:3-30
	android:theme
		ADDED from src\main\AndroidManifest.xml:53:3-35
	android:name
		ADDED from src\main\AndroidManifest.xml:47:3-50
activity#hillfly.wifichat.activity.WelcomeActivity
ADDED from src\main\AndroidManifest.xml:54:3-62:14
	android:screenOrientation
		ADDED from src\main\AndroidManifest.xml:56:4-40
	android:name
		ADDED from src\main\AndroidManifest.xml:55:4-44
intent-filter#android.intent.action.MAIN+android.intent.category.LAUNCHER
ADDED from src\main\AndroidManifest.xml:57:4-61:20
action#android.intent.action.MAIN
ADDED from src\main\AndroidManifest.xml:58:5-57
	android:name
		ADDED from src\main\AndroidManifest.xml:58:13-54
category#android.intent.category.LAUNCHER
ADDED from src\main\AndroidManifest.xml:60:5-65
	android:name
		ADDED from src\main\AndroidManifest.xml:60:15-62
activity#hillfly.wifichat.activity.LoginActivity
ADDED from src\main\AndroidManifest.xml:63:3-68:14
	android:screenOrientation
		ADDED from src\main\AndroidManifest.xml:65:4-40
	android:windowSoftInputMode
		ADDED from src\main\AndroidManifest.xml:66:4-43
	android:theme
		ADDED from src\main\AndroidManifest.xml:67:5-52
	android:name
		ADDED from src\main\AndroidManifest.xml:64:4-42
activity#hillfly.wifichat.activity.WifiapActivity
ADDED from src\main\AndroidManifest.xml:69:3-72:14
	android:screenOrientation
		ADDED from src\main\AndroidManifest.xml:71:4-40
	android:name
		ADDED from src\main\AndroidManifest.xml:70:4-43
activity#hillfly.wifichat.activity.MainTabActivity
ADDED from src\main\AndroidManifest.xml:73:3-77:14
	android:screenOrientation
		ADDED from src\main\AndroidManifest.xml:75:4-40
	android:windowSoftInputMode
		ADDED from src\main\AndroidManifest.xml:76:4-43
	android:name
		ADDED from src\main\AndroidManifest.xml:74:4-44
activity#hillfly.wifichat.activity.message.ChatActivity
ADDED from src\main\AndroidManifest.xml:78:3-81:14
	android:screenOrientation
		ADDED from src\main\AndroidManifest.xml:80:4-40
	android:name
		ADDED from src\main\AndroidManifest.xml:79:4-49
activity#hillfly.wifichat.activity.SettingInfoActivity
ADDED from src\main\AndroidManifest.xml:82:3-88:14
	android:screenOrientation
		ADDED from src\main\AndroidManifest.xml:84:4-40
	android:windowSoftInputMode
		ADDED from src\main\AndroidManifest.xml:86:4-43
	android:theme
		ADDED from src\main\AndroidManifest.xml:85:5-52
	android:name
		ADDED from src\main\AndroidManifest.xml:83:4-48
activity#hillfly.wifichat.activity.ChooseAvatarActivity
ADDED from src\main\AndroidManifest.xml:89:3-95:14
	android:screenOrientation
		ADDED from src\main\AndroidManifest.xml:91:4-40
	android:name
		ADDED from src\main\AndroidManifest.xml:90:4-49
meta-data#android.support.PARENT_ACTIVITY
ADDED from src\main\AndroidManifest.xml:92:4-94:55
	android:value
		ADDED from src\main\AndroidManifest.xml:94:5-52
	android:name
		ADDED from src\main\AndroidManifest.xml:93:5-51
activity#hillfly.wifichat.activity.AboutActivity
ADDED from src\main\AndroidManifest.xml:96:3-99:14
	android:screenOrientation
		ADDED from src\main\AndroidManifest.xml:98:4-40
	android:name
		ADDED from src\main\AndroidManifest.xml:97:4-42
activity#hillfly.wifichat.activity.imagefactory.ImageFactoryActivity
ADDED from src\main\AndroidManifest.xml:100:3-103:14
	android:screenOrientation
		ADDED from src\main\AndroidManifest.xml:102:4-40
	android:name
		ADDED from src\main\AndroidManifest.xml:101:4-62
activity#hillfly.wifichat.activity.OtherProfileActivity
ADDED from src\main\AndroidManifest.xml:104:3-107:14
	android:screenOrientation
		ADDED from src\main\AndroidManifest.xml:106:4-40
	android:name
		ADDED from src\main\AndroidManifest.xml:105:4-49
activity#hillfly.wifichat.activity.ImageBrowserActivity
ADDED from src\main\AndroidManifest.xml:108:3-111:14
	android:screenOrientation
		ADDED from src\main\AndroidManifest.xml:110:4-40
	android:name
		ADDED from src\main\AndroidManifest.xml:109:4-49